Arguments: 
  C:\Program Files (x86)\nodejs\node.exe C:\Users\Administrator\AppData\Roaming\npm\node_modules\yarn\bin\yarn.js add element-ui

PATH: 
  C:\Program Files (x86)\VMware\VMware Workstation\bin\;C:\Program Files (x86)\Common Files\Oracle\Java\javapath;C:\Program Files\Microsoft MPI\Bin\;C:\windows\system32;C:\windows;C:\windows\System32\Wbem;C:\windows\System32\WindowsPowerShell\v1.0\;C:\Program Files\Java\jdk1.8.0_181\bin;C:\Program Files\Java\jdk1.8.0_181\jre\bin;D:\programs\apache-tomcat-8.0.53\bin;D:\programs\apache-tomcat-8.0.53\lib;D:\programs\apache-maven-3.5.4\bin;D:\programs\TortoiseGit\bin;D:\Qt\Qt5.7.1\5.7\msvc2015_64\bin\;C:\Program Files\dotnet\;C:\Program Files\Microsoft SQL Server\130\Tools\Binn\;C:\Program Files\Microsoft SQL Server\120\Tools\Binn\;C:\Program Files\Microsoft SQL Server\110\Tools\Binn\;C:\Program Files (x86)\Windows Kits\8.1\Windows Performance Toolkit\;C:\Program Files (x86)\Visual Leak Detector\bin\Win32;C:\Program Files (x86)\Visual Leak Detector\bin\Win64;C:\Program Files (x86)\nodejs\;D:\programs\Git\cmd;C:\Program Files\Dart\dart-sdk\bin;D:\flutter\bin;D:\Program Files\Nox\bin;C:\Users\Administrator\AppData\Local\Android\Sdk\tools;C:\Users\Administrator\AppData\Local\Android\Sdk\platform-tools;C:\Users\Administrator\Desktop\phantomjs-2.1.1-windows\bin;C:\Users\Administrator\AppData\Local\Microsoft\WindowsApps;C:\Program Files\Bandizip\;C:\Users\Administrator\AppData\Local\Programs\Microsoft VS Code\bin;C:\Users\Administrator\AppData\Roaming\npm

Yarn version: 
  1.22.4

Node version: 
  12.18.2

Platform: 
  win32 x64

Trace: 
  Error: ENOENT: no such file or directory, copyfile 'C:\Users\Administrator\AppData\Local\Yarn\Cache\v6\npm-ms-2.1.2-d09d1f357b443f493382a8eb3ccd183872ae6009-integrity\node_modules\ms\package.json' -> 'C:\Users\Administrator\Desktop\electron抓取swagger生成前端需要的API配置\my-project\node_modules\app-builder-lib\node_modules\ms\package.json'

npm manifest: 
  {
    "name": "my-project",
    "version": "0.0.1",
    "author": "孟泽 <2014375614@qq.com>",
    "description": "An electron-vue project",
    "license": null,
    "main": "./dist/electron/main.js",
    "scripts": {
      "build": "node .electron-vue/build.js && electron-builder",
      "build:dir": "node .electron-vue/build.js && electron-builder --dir",
      "build:clean": "cross-env BUILD_TARGET=clean node .electron-vue/build.js",
      "build:web": "cross-env BUILD_TARGET=web node .electron-vue/build.js",
      "dev": "node .electron-vue/dev-runner.js",
      "pack": "npm run pack:main && npm run pack:renderer",
      "pack:main": "cross-env NODE_ENV=production webpack --progress --colors --config .electron-vue/webpack.main.config.js",
      "pack:renderer": "cross-env NODE_ENV=production webpack --progress --colors --config .electron-vue/webpack.renderer.config.js",
      "postinstall": ""
    },
    "build": {
      "productName": "my-project",
      "appId": "com.example.yourapp",
      "directories": {
        "output": "build"
      },
      "files": [
        "dist/electron/**/*"
      ],
      "dmg": {
        "contents": [
          {
            "x": 410,
            "y": 150,
            "type": "link",
            "path": "/Applications"
          },
          {
            "x": 130,
            "y": 150,
            "type": "file"
          }
        ]
      },
      "mac": {
        "icon": "build/icons/icon.icns"
      },
      "win": {
        "icon": "build/icons/icon.ico"
      },
      "linux": {
        "icon": "build/icons"
      }
    },
    "dependencies": {
      "vue": "^2.5.16",
      "axios": "^0.18.0",
      "vue-electron": "^1.0.6",
      "vue-router": "^3.0.1",
      "vuex": "^3.0.1",
      "vuex-electron": "^1.0.0"
    },
    "devDependencies": {
      "ajv": "^6.5.0",
      "babel-core": "^6.26.3",
      "babel-loader": "^7.1.4",
      "babel-plugin-transform-runtime": "^6.23.0",
      "babel-preset-env": "^1.7.0",
      "babel-preset-stage-0": "^6.24.1",
      "babel-register": "^6.26.0",
      "babel-minify-webpack-plugin": "^0.3.1",
      "cfonts": "^2.1.2",
      "chalk": "^2.4.1",
      "copy-webpack-plugin": "^4.5.1",
      "cross-env": "^5.1.6",
      "css-loader": "^0.28.11",
      "del": "^3.0.0",
      "devtron": "^1.4.0",
      "electron": "^2.0.4",
      "electron-debug": "^1.5.0",
      "electron-devtools-installer": "^2.2.4",
      "electron-builder": "^20.19.2",
      "mini-css-extract-plugin": "0.4.0",
      "file-loader": "^1.1.11",
      "html-webpack-plugin": "^3.2.0",
      "multispinner": "^0.2.1",
      "node-loader": "^0.6.0",
      "node-sass": "^4.9.2",
      "sass-loader": "^7.0.3",
      "style-loader": "^0.21.0",
      "url-loader": "^1.0.1",
      "vue-html-loader": "^1.2.4",
      "vue-loader": "^15.2.4",
      "vue-style-loader": "^4.1.0",
      "vue-template-compiler": "^2.5.16",
      "webpack-cli": "^3.0.8",
      "webpack": "^4.15.1",
      "webpack-dev-server": "^3.1.4",
      "webpack-hot-middleware": "^2.22.2",
      "webpack-merge": "^4.1.3"
    }
  }

yarn manifest: 
  No manifest

Lockfile: 
  No lockfile
